[2023-04-11 03:36:45] local.ERROR: Command "artisan" is not defined. {"exception":"[object] (Symfony\\Component\\Console\\Exception\\CommandNotFoundException(code: 0): Command \"artisan\" is not defined. at C:\\Users\\OSK-185\\Documents\\テイエン\\CRUD\\laravel\\01_first_app_full\\vendor\\symfony\\console\\Application.php:702)
[stacktrace]
#0 C:\\Users\\OSK-185\\Documents\\テイエン\\CRUD\\laravel\\01_first_app_full\\vendor\\symfony\\console\\Application.php(256): Symfony\\Component\\Console\\Application->find('artisan')
#1 C:\\Users\\OSK-185\\Documents\\テイエン\\CRUD\\laravel\\01_first_app_full\\vendor\\symfony\\console\\Application.php(168): Symfony\\Component\\Console\\Application->doRun(Object(Symfony\\Component\\Console\\Input\\ArgvInput), Object(Symfony\\Component\\Console\\Output\\ConsoleOutput))
#2 C:\\Users\\OSK-185\\Documents\\テイエン\\CRUD\\laravel\\01_first_app_full\\vendor\\laravel\\framework\\src\\Illuminate\\Foundation\\Console\\Kernel.php(200): Symfony\\Component\\Console\\Application->run(Object(Symfony\\Component\\Console\\Input\\ArgvInput), Object(Symfony\\Component\\Console\\Output\\ConsoleOutput))
#3 C:\\Users\\OSK-185\\Documents\\テイエン\\CRUD\\laravel\\01_first_app_full\\artisan(35): Illuminate\\Foundation\\Console\\Kernel->handle(Object(Symfony\\Component\\Console\\Input\\ArgvInput), Object(Symfony\\Component\\Console\\Output\\ConsoleOutput))
#4 {main}
"} 
[2023-04-11 03:37:15] local.ERROR: SQLSTATE[HY000] [2002] 対象のコンピューターによって拒否されたため、接続できませんでした。 (Connection: mysql, SQL: select * from `students`) {"exception":"[object] (Illuminate\\Database\\QueryException(code: 2002): SQLSTATE[HY000] [2002] 対象のコンピューターによって拒否されたため、接続できませんでした。 (Connection: mysql, SQL: select * from `students`) at C:\\Users\\OSK-185\\Documents\\テイエン\\CRUD\\laravel\\01_first_app_full\\vendor\\laravel\\framework\\src\\Illuminate\\Database\\Connection.php:793)
[stacktrace]
#0 C:\\Users\\OSK-185\\Documents\\テイエン\\CRUD\\laravel\\01_first_app_full\\vendor\\laravel\\framework\\src\\Illuminate\\Database\\Connection.php(753): Illuminate\\Database\\Connection->runQueryCallback('select * from `...', Array, Object(Closure))
#1 C:\\Users\\OSK-185\\Documents\\テイエン\\CRUD\\laravel\\01_first_app_full\\vendor\\laravel\\framework\\src\\Illuminate\\Database\\Connection.php(405): Illuminate\\Database\\Connection->run('select * from `...', Array, Object(Closure))
#2 C:\\Users\\OSK-185\\Documents\\テイエン\\CRUD\\laravel\\01_first_app_full\\vendor\\laravel\\framework\\src\\Illuminate\\Database\\Query\\Builder.php(2718): Illuminate\\Database\\Connection->select('select * from `...', Array, true)
#3 C:\\Users\\OSK-185\\Documents\\テイエン\\CRUD\\laravel\\01_first_app_full\\vendor\\laravel\\framework\\src\\Illuminate\\Database\\Query\\Builder.php(2707): Illuminate\\Database\\Query\\Builder->runSelect()
#4 C:\\Users\\OSK-185\\Documents\\テイエン\\CRUD\\laravel\\01_first_app_full\\vendor\\laravel\\framework\\src\\Illuminate\\Database\\Query\\Builder.php(3248): Illuminate\\Database\\Query\\Builder->Illuminate\\Database\\Query\\{closure}()
#5 C:\\Users\\OSK-185\\Documents\\テイエン\\CRUD\\laravel\\01_first_app_full\\vendor\\laravel\\framework\\src\\Illuminate\\Database\\Query\\Builder.php(2706): Illuminate\\Database\\Query\\Builder->onceWithColumns(Array, Object(Closure))
#6 C:\\Users\\OSK-185\\Documents\\テイエン\\CRUD\\laravel\\01_first_app_full\\vendor\\laravel\\framework\\src\\Illuminate\\Database\\Eloquent\\Builder.php(717): Illuminate\\Database\\Query\\Builder->get(Array)
#7 C:\\Users\\OSK-185\\Documents\\テイエン\\CRUD\\laravel\\01_first_app_full\\vendor\\laravel\\framework\\src\\Illuminate\\Database\\Eloquent\\Builder.php(701): Illuminate\\Database\\Eloquent\\Builder->getModels(Array)
#8 C:\\Users\\OSK-185\\Documents\\テイエン\\CRUD\\laravel\\01_first_app_full\\vendor\\laravel\\framework\\src\\Illuminate\\Database\\Eloquent\\Model.php(674): Illuminate\\Database\\Eloquent\\Builder->get(Array)
#9 C:\\Users\\OSK-185\\Documents\\テイエン\\CRUD\\laravel\\01_first_app_full\\app\\Http\\Controllers\\StudentController.php(16): Illuminate\\Database\\Eloquent\\Model::all()
#10 C:\\Users\\OSK-185\\Documents\\テイエン\\CRUD\\laravel\\01_first_app_full\\vendor\\laravel\\framework\\src\\Illuminate\\Routing\\Controller.php(54): App\\Http\\Controllers\\StudentController->index()
#11 C:\\Users\\OSK-185\\Documents\\テイエン\\CRUD\\laravel\\01_first_app_full\\vendor\\laravel\\framework\\src\\Illuminate\\Routing\\ControllerDispatcher.php(43): Illuminate\\Routing\\Controller->callAction('index', Array)
#12 C:\\Users\\OSK-185\\Documents\\テイエン\\CRUD\\laravel\\01_first_app_full\\vendor\\laravel\\framework\\src\\Illuminate\\Routing\\Route.php(259): Illuminate\\Routing\\ControllerDispatcher->dispatch(Object(Illuminate\\Routing\\Route), Object(App\\Http\\Controllers\\StudentController), 'index')
#13 C:\\Users\\OSK-185\\Documents\\テイエン\\CRUD\\laravel\\01_first_app_full\\vendor\\laravel\\framework\\src\\Illuminate\\Routing\\Route.php(205): Illuminate\\Routing\\Route->runController()
#14 C:\\Users\\OSK-185\\Documents\\テイエン\\CRUD\\laravel\\01_first_app_full\\vendor\\laravel\\framework\\src\\Illuminate\\Routing\\Router.php(798): Illuminate\\Routing\\Route->run()
#15 C:\\Users\\OSK-185\\Documents\\テイエン\\CRUD\\laravel\\01_first_app_full\\vendor\\laravel\\framework\\src\\Illuminate\\Pipeline\\Pipeline.php(141): Illuminate\\Routing\\Router->Illuminate\\Routing\\{closure}(Object(Illuminate\\Http\\Request))
#16 C:\\Users\\OSK-185\\Documents\\テイエン\\CRUD\\laravel\\01_first_app_full\\vendor\\laravel\\framework\\src\\Illuminate\\Routing\\Middleware\\SubstituteBindings.php(50): Illuminate\\Pipeline\\Pipeline->Illuminate\\Pipeline\\{closure}(Object(Illuminate\\Http\\Request))
#17 C:\\Users\\OSK-185\\Documents\\テイエン\\CRUD\\laravel\\01_first_app_full\\vendor\\laravel\\framework\\src\\Illuminate\\Pipeline\\Pipeline.php(180): Illuminate\\Routing\\Middleware\\SubstituteBindings->handle(Object(Illuminate\\Http\\Request), Object(Closure))
#18 C:\\Users\\OSK-185\\Documents\\テイエン\\CRUD\\laravel\\01_first_app_full\\vendor\\laravel\\framework\\src\\Illuminate\\Foundation\\Http\\Middleware\\VerifyCsrfToken.php(78): Illuminate\\Pipeline\\Pipeline->Illuminate\\Pipeline\\{closure}(Object(Illuminate\\Http\\Request))
#19 C:\\Users\\OSK-185\\Documents\\テイエン\\CRUD\\laravel\\01_first_app_full\\vendor\\laravel\\framework\\src\\Illuminate\\Pipeline\\Pipeline.php(180): Illuminate\\Foundation\\Http\\Middleware\\VerifyCsrfToken->handle(Object(Illuminate\\Http\\Request), Object(Closure))
#20 C:\\Users\\OSK-185\\Documents\\テイエン\\CRUD\\laravel\\01_first_app_full\\vendor\\laravel\\framework\\src\\Illuminate\\View\\Middleware\\ShareErrorsFromSession.php(49): Illuminate\\Pipeline\\Pipeline->Illuminate\\Pipeline\\{closure}(Object(Illuminate\\Http\\Request))
#21 C:\\Users\\OSK-185\\Documents\\テイエン\\CRUD\\laravel\\01_first_app_full\\vendor\\laravel\\framework\\src\\Illuminate\\Pipeline\\Pipeline.php(180): Illuminate\\View\\Middleware\\ShareErrorsFromSession->handle(Object(Illuminate\\Http\\Request), Object(Closure))
#22 C:\\Users\\OSK-185\\Documents\\テイエン\\CRUD\\laravel\\01_first_app_full\\vendor\\laravel\\framework\\src\\Illuminate\\Session\\Middleware\\StartSession.php(121): Illuminate\\Pipeline\\Pipeline->Illuminate\\Pipeline\\{closure}(Object(Illuminate\\Http\\Request))
#23 C:\\Users\\OSK-185\\Documents\\テイエン\\CRUD\\laravel\\01_first_app_full\\vendor\\laravel\\framework\\src\\Illuminate\\Session\\Middleware\\StartSession.php(64): Illuminate\\Session\\Middleware\\StartSession->handleStatefulRequest(Object(Illuminate\\Http\\Request), Object(Illuminate\\Session\\Store), Object(Closure))
#24 C:\\Users\\OSK-185\\Documents\\テイエン\\CRUD\\laravel\\01_first_app_full\\vendor\\laravel\\framework\\src\\Illuminate\\Pipeline\\Pipeline.php(180): Illuminate\\Session\\Middleware\\StartSession->handle(Object(Illuminate\\Http\\Request), Object(Closure))
#25 C:\\Users\\OSK-185\\Documents\\テイエン\\CRUD\\laravel\\01_first_app_full\\vendor\\laravel\\framework\\src\\Illuminate\\Cookie\\Middleware\\AddQueuedCookiesToResponse.php(37): Illuminate\\Pipeline\\Pipeline->Illuminate\\Pipeline\\{closure}(Object(Illuminate\\Http\\Request))
#26 C:\\Users\\OSK-185\\Documents\\テイエン\\CRUD\\laravel\\01_first_app_full\\vendor\\laravel\\framework\\src\\Illuminate\\Pipeline\\Pipeline.php(180): Illuminate\\Cookie\\Middleware\\AddQueuedCookiesToResponse->handle(Object(Illuminate\\Http\\Request), Object(Closure))
#27 C:\\Users\\OSK-185\\Documents\\テイエン\\CRUD\\laravel\\01_first_app_full\\vendor\\laravel\\framework\\src\\Illuminate\\Cookie\\Middleware\\EncryptCookies.php(67): Illuminate\\Pipeline\\Pipeline->Illuminate\\Pipeline\\{closure}(Object(Illuminate\\Http\\Request))
#28 C:\\Users\\OSK-185\\Documents\\テイエン\\CRUD\\laravel\\01_first_app_full\\vendor\\laravel\\framework\\src\\Illuminate\\Pipeline\\Pipeline.php(180): Illuminate\\Cookie\\Middleware\\EncryptCookies->handle(Object(Illuminate\\Http\\Request), Object(Closure))
#29 C:\\Users\\OSK-185\\Documents\\テイエン\\CRUD\\laravel\\01_first_app_full\\vendor\\laravel\\framework\\src\\Illuminate\\Pipeline\\Pipeline.php(116): Illuminate\\Pipeline\\Pipeline->Illuminate\\Pipeline\\{closure}(Object(Illuminate\\Http\\Request))
#30 C:\\Users\\OSK-185\\Documents\\テイエン\\CRUD\\laravel\\01_first_app_full\\vendor\\laravel\\framework\\src\\Illuminate\\Routing\\Router.php(797): Illuminate\\Pipeline\\Pipeline->then(Object(Closure))
#31 C:\\Users\\OSK-185\\Documents\\テイエン\\CRUD\\laravel\\01_first_app_full\\vendor\\laravel\\framework\\src\\Illuminate\\Routing\\Router.php(776): Illuminate\\Routing\\Router->runRouteWithinStack(Object(Illuminate\\Routing\\Route), Object(Illuminate\\Http\\Request))
#32 C:\\Users\\OSK-185\\Documents\\テイエン\\CRUD\\laravel\\01_first_app_full\\vendor\\laravel\\framework\\src\\Illuminate\\Routing\\Router.php(740): Illuminate\\Routing\\Router->runRoute(Object(Illuminate\\Http\\Request), Object(Illuminate\\Routing\\Route))
#33 C:\\Users\\OSK-185\\Documents\\テイエン\\CRUD\\laravel\\01_first_app_full\\vendor\\laravel\\framework\\src\\Illuminate\\Routing\\Router.php(729): Illuminate\\Routing\\Router->dispatchToRoute(Object(Illuminate\\Http\\Request))
#34 C:\\Users\\OSK-185\\Documents\\テイエン\\CRUD\\laravel\\01_first_app_full\\vendor\\laravel\\framework\\src\\Illuminate\\Foundation\\Http\\Kernel.php(200): Illuminate\\Routing\\Router->dispatch(Object(Illuminate\\Http\\Request))
#35 C:\\Users\\OSK-185\\Documents\\テイエン\\CRUD\\laravel\\01_first_app_full\\vendor\\laravel\\framework\\src\\Illuminate\\Pipeline\\Pipeline.php(141): Illuminate\\Foundation\\Http\\Kernel->Illuminate\\Foundation\\Http\\{closure}(Object(Illuminate\\Http\\Request))
#36 C:\\Users\\OSK-185\\Documents\\テイエン\\CRUD\\laravel\\01_first_app_full\\vendor\\laravel\\framework\\src\\Illuminate\\Foundation\\Http\\Middleware\\TransformsRequest.php(21): Illuminate\\Pipeline\\Pipeline->Illuminate\\Pipeline\\{closure}(Object(Illuminate\\Http\\Request))
#37 C:\\Users\\OSK-185\\Documents\\テイエン\\CRUD\\laravel\\01_first_app_full\\vendor\\laravel\\framework\\src\\Illuminate\\Foundation\\Http\\Middleware\\ConvertEmptyStringsToNull.php(31): Illuminate\\Foundation\\Http\\Middleware\\TransformsRequest->handle(Object(Illuminate\\Http\\Request), Object(Closure))
#38 C:\\Users\\OSK-185\\Documents\\テイエン\\CRUD\\laravel\\01_first_app_full\\vendor\\laravel\\framework\\src\\Illuminate\\Pipeline\\Pipeline.php(180): Illuminate\\Foundation\\Http\\Middleware\\ConvertEmptyStringsToNull->handle(Object(Illuminate\\Http\\Request), Object(Closure))
#39 C:\\Users\\OSK-185\\Documents\\テイエン\\CRUD\\laravel\\01_first_app_full\\vendor\\laravel\\framework\\src\\Illuminate\\Foundation\\Http\\Middleware\\TransformsRequest.php(21): Illuminate\\Pipeline\\Pipeline->Illuminate\\Pipeline\\{closure}(Object(Illuminate\\Http\\Request))
#40 C:\\Users\\OSK-185\\Documents\\テイエン\\CRUD\\laravel\\01_first_app_full\\vendor\\laravel\\framework\\src\\Illuminate\\Foundation\\Http\\Middleware\\TrimStrings.php(40): Illuminate\\Foundation\\Http\\Middleware\\TransformsRequest->handle(Object(Illuminate\\Http\\Request), Object(Closure))
#41 C:\\Users\\OSK-185\\Documents\\テイエン\\CRUD\\laravel\\01_first_app_full\\vendor\\laravel\\framework\\src\\Illuminate\\Pipeline\\Pipeline.php(180): Illuminate\\Foundation\\Http\\Middleware\\TrimStrings->handle(Object(Illuminate\\Http\\Request), Object(Closure))
#42 C:\\Users\\OSK-185\\Documents\\テイエン\\CRUD\\laravel\\01_first_app_full\\vendor\\laravel\\framework\\src\\Illuminate\\Foundation\\Http\\Middleware\\ValidatePostSize.php(27): Illuminate\\Pipeline\\Pipeline->Illuminate\\Pipeline\\{closure}(Object(Illuminate\\Http\\Request))
#43 C:\\Users\\OSK-185\\Documents\\テイエン\\CRUD\\laravel\\01_first_app_full\\vendor\\laravel\\framework\\src\\Illuminate\\Pipeline\\Pipeline.php(180): Illuminate\\Foundation\\Http\\Middleware\\ValidatePostSize->handle(Object(Illuminate\\Http\\Request), Object(Closure))
#44 C:\\Users\\OSK-185\\Documents\\テイエン\\CRUD\\laravel\\01_first_app_full\\vendor\\laravel\\framework\\src\\Illuminate\\Foundation\\Http\\Middleware\\PreventRequestsDuringMaintenance.php(86): Illuminate\\Pipeline\\Pipeline->Illuminate\\Pipeline\\{closure}(Object(Illuminate\\Http\\Request))
#45 C:\\Users\\OSK-185\\Documents\\テイエン\\CRUD\\laravel\\01_first_app_full\\vendor\\laravel\\framework\\src\\Illuminate\\Pipeline\\Pipeline.php(180): Illuminate\\Foundation\\Http\\Middleware\\PreventRequestsDuringMaintenance->handle(Object(Illuminate\\Http\\Request), Object(Closure))
#46 C:\\Users\\OSK-185\\Documents\\テイエン\\CRUD\\laravel\\01_first_app_full\\vendor\\laravel\\framework\\src\\Illuminate\\Http\\Middleware\\HandleCors.php(49): Illuminate\\Pipeline\\Pipeline->Illuminate\\Pipeline\\{closure}(Object(Illuminate\\Http\\Request))
#47 C:\\Users\\OSK-185\\Documents\\テイエン\\CRUD\\laravel\\01_first_app_full\\vendor\\laravel\\framework\\src\\Illuminate\\Pipeline\\Pipeline.php(180): Illuminate\\Http\\Middleware\\HandleCors->handle(Object(Illuminate\\Http\\Request), Object(Closure))
#48 C:\\Users\\OSK-185\\Documents\\テイエン\\CRUD\\laravel\\01_first_app_full\\vendor\\laravel\\framework\\src\\Illuminate\\Http\\Middleware\\TrustProxies.php(39): Illuminate\\Pipeline\\Pipeline->Illuminate\\Pipeline\\{closure}(Object(Illuminate\\Http\\Request))
#49 C:\\Users\\OSK-185\\Documents\\テイエン\\CRUD\\laravel\\01_first_app_full\\vendor\\laravel\\framework\\src\\Illuminate\\Pipeline\\Pipeline.php(180): Illuminate\\Http\\Middleware\\TrustProxies->handle(Object(Illuminate\\Http\\Request), Object(Closure))
#50 C:\\Users\\OSK-185\\Documents\\テイエン\\CRUD\\laravel\\01_first_app_full\\vendor\\laravel\\framework\\src\\Illuminate\\Pipeline\\Pipeline.php(116): Illuminate\\Pipeline\\Pipeline->Illuminate\\Pipeline\\{closure}(Object(Illuminate\\Http\\Request))
#51 C:\\Users\\OSK-185\\Documents\\テイエン\\CRUD\\laravel\\01_first_app_full\\vendor\\laravel\\framework\\src\\Illuminate\\Foundation\\Http\\Kernel.php(175): Illuminate\\Pipeline\\Pipeline->then(Object(Closure))
#52 C:\\Users\\OSK-185\\Documents\\テイエン\\CRUD\\laravel\\01_first_app_full\\vendor\\laravel\\framework\\src\\Illuminate\\Foundation\\Http\\Kernel.php(144): Illuminate\\Foundation\\Http\\Kernel->sendRequestThroughRouter(Object(Illuminate\\Http\\Request))
#53 C:\\Users\\OSK-185\\Documents\\テイエン\\CRUD\\laravel\\01_first_app_full\\public\\index.php(51): Illuminate\\Foundation\\Http\\Kernel->handle(Object(Illuminate\\Http\\Request))
#54 C:\\Users\\OSK-185\\Documents\\テイエン\\CRUD\\laravel\\01_first_app_full\\vendor\\laravel\\framework\\src\\Illuminate\\Foundation\\resources\\server.php(16): require_once('C:\\\\Users\\\\OSK-18...')
#55 {main}

[previous exception] [object] (PDOException(code: 2002): SQLSTATE[HY000] [2002] 対象のコンピューターによって拒否されたため、接続できませんでした。 at C:\\Users\\OSK-185\\Documents\\テイエン\\CRUD\\laravel\\01_first_app_full\\vendor\\laravel\\framework\\src\\Illuminate\\Database\\Connectors\\Connector.php:65)
[stacktrace]
#0 C:\\Users\\OSK-185\\Documents\\テイエン\\CRUD\\laravel\\01_first_app_full\\vendor\\laravel\\framework\\src\\Illuminate\\Database\\Connectors\\Connector.php(65): PDO->__construct('mysql:host=127....', 'root', Object(SensitiveParameterValue), Array)
#1 C:\\Users\\OSK-185\\Documents\\テイエン\\CRUD\\laravel\\01_first_app_full\\vendor\\laravel\\framework\\src\\Illuminate\\Database\\Connectors\\Connector.php(44): Illuminate\\Database\\Connectors\\Connector->createPdoConnection('mysql:host=127....', 'root', 'Abror0996', Array)
#2 C:\\Users\\OSK-185\\Documents\\テイエン\\CRUD\\laravel\\01_first_app_full\\vendor\\laravel\\framework\\src\\Illuminate\\Database\\Connectors\\MySqlConnector.php(24): Illuminate\\Database\\Connectors\\Connector->createConnection('mysql:host=127....', Array, Array)
#3 C:\\Users\\OSK-185\\Documents\\テイエン\\CRUD\\laravel\\01_first_app_full\\vendor\\laravel\\framework\\src\\Illuminate\\Database\\Connectors\\ConnectionFactory.php(184): Illuminate\\Database\\Connectors\\MySqlConnector->connect(Array)
#4 [internal function]: Illuminate\\Database\\Connectors\\ConnectionFactory->Illuminate\\Database\\Connectors\\{closure}()
#5 C:\\Users\\OSK-185\\Documents\\テイエン\\CRUD\\laravel\\01_first_app_full\\vendor\\laravel\\framework\\src\\Illuminate\\Database\\Connection.php(1210): call_user_func(Object(Closure))
#6 C:\\Users\\OSK-185\\Documents\\テイエン\\CRUD\\laravel\\01_first_app_full\\vendor\\laravel\\framework\\src\\Illuminate\\Database\\Connection.php(1246): Illuminate\\Database\\Connection->getPdo()
#7 C:\\Users\\OSK-185\\Documents\\テイエン\\CRUD\\laravel\\01_first_app_full\\vendor\\laravel\\framework\\src\\Illuminate\\Database\\Connection.php(519): Illuminate\\Database\\Connection->getReadPdo()
#8 C:\\Users\\OSK-185\\Documents\\テイエン\\CRUD\\laravel\\01_first_app_full\\vendor\\laravel\\framework\\src\\Illuminate\\Database\\Connection.php(414): Illuminate\\Database\\Connection->getPdoForSelect(true)
#9 C:\\Users\\OSK-185\\Documents\\テイエン\\CRUD\\laravel\\01_first_app_full\\vendor\\laravel\\framework\\src\\Illuminate\\Database\\Connection.php(786): Illuminate\\Database\\Connection->Illuminate\\Database\\{closure}('select * from `...', Array)
#10 C:\\Users\\OSK-185\\Documents\\テイエン\\CRUD\\laravel\\01_first_app_full\\vendor\\laravel\\framework\\src\\Illuminate\\Database\\Connection.php(753): Illuminate\\Database\\Connection->runQueryCallback('select * from `...', Array, Object(Closure))
#11 C:\\Users\\OSK-185\\Documents\\テイエン\\CRUD\\laravel\\01_first_app_full\\vendor\\laravel\\framework\\src\\Illuminate\\Database\\Connection.php(405): Illuminate\\Database\\Connection->run('select * from `...', Array, Object(Closure))
#12 C:\\Users\\OSK-185\\Documents\\テイエン\\CRUD\\laravel\\01_first_app_full\\vendor\\laravel\\framework\\src\\Illuminate\\Database\\Query\\Builder.php(2718): Illuminate\\Database\\Connection->select('select * from `...', Array, true)
#13 C:\\Users\\OSK-185\\Documents\\テイエン\\CRUD\\laravel\\01_first_app_full\\vendor\\laravel\\framework\\src\\Illuminate\\Database\\Query\\Builder.php(2707): Illuminate\\Database\\Query\\Builder->runSelect()
#14 C:\\Users\\OSK-185\\Documents\\テイエン\\CRUD\\laravel\\01_first_app_full\\vendor\\laravel\\framework\\src\\Illuminate\\Database\\Query\\Builder.php(3248): Illuminate\\Database\\Query\\Builder->Illuminate\\Database\\Query\\{closure}()
#15 C:\\Users\\OSK-185\\Documents\\テイエン\\CRUD\\laravel\\01_first_app_full\\vendor\\laravel\\framework\\src\\Illuminate\\Database\\Query\\Builder.php(2706): Illuminate\\Database\\Query\\Builder->onceWithColumns(Array, Object(Closure))
#16 C:\\Users\\OSK-185\\Documents\\テイエン\\CRUD\\laravel\\01_first_app_full\\vendor\\laravel\\framework\\src\\Illuminate\\Database\\Eloquent\\Builder.php(717): Illuminate\\Database\\Query\\Builder->get(Array)
#17 C:\\Users\\OSK-185\\Documents\\テイエン\\CRUD\\laravel\\01_first_app_full\\vendor\\laravel\\framework\\src\\Illuminate\\Database\\Eloquent\\Builder.php(701): Illuminate\\Database\\Eloquent\\Builder->getModels(Array)
#18 C:\\Users\\OSK-185\\Documents\\テイエン\\CRUD\\laravel\\01_first_app_full\\vendor\\laravel\\framework\\src\\Illuminate\\Database\\Eloquent\\Model.php(674): Illuminate\\Database\\Eloquent\\Builder->get(Array)
#19 C:\\Users\\OSK-185\\Documents\\テイエン\\CRUD\\laravel\\01_first_app_full\\app\\Http\\Controllers\\StudentController.php(16): Illuminate\\Database\\Eloquent\\Model::all()
#20 C:\\Users\\OSK-185\\Documents\\テイエン\\CRUD\\laravel\\01_first_app_full\\vendor\\laravel\\framework\\src\\Illuminate\\Routing\\Controller.php(54): App\\Http\\Controllers\\StudentController->index()
#21 C:\\Users\\OSK-185\\Documents\\テイエン\\CRUD\\laravel\\01_first_app_full\\vendor\\laravel\\framework\\src\\Illuminate\\Routing\\ControllerDispatcher.php(43): Illuminate\\Routing\\Controller->callAction('index', Array)
#22 C:\\Users\\OSK-185\\Documents\\テイエン\\CRUD\\laravel\\01_first_app_full\\vendor\\laravel\\framework\\src\\Illuminate\\Routing\\Route.php(259): Illuminate\\Routing\\ControllerDispatcher->dispatch(Object(Illuminate\\Routing\\Route), Object(App\\Http\\Controllers\\StudentController), 'index')
#23 C:\\Users\\OSK-185\\Documents\\テイエン\\CRUD\\laravel\\01_first_app_full\\vendor\\laravel\\framework\\src\\Illuminate\\Routing\\Route.php(205): Illuminate\\Routing\\Route->runController()
#24 C:\\Users\\OSK-185\\Documents\\テイエン\\CRUD\\laravel\\01_first_app_full\\vendor\\laravel\\framework\\src\\Illuminate\\Routing\\Router.php(798): Illuminate\\Routing\\Route->run()
#25 C:\\Users\\OSK-185\\Documents\\テイエン\\CRUD\\laravel\\01_first_app_full\\vendor\\laravel\\framework\\src\\Illuminate\\Pipeline\\Pipeline.php(141): Illuminate\\Routing\\Router->Illuminate\\Routing\\{closure}(Object(Illuminate\\Http\\Request))
#26 C:\\Users\\OSK-185\\Documents\\テイエン\\CRUD\\laravel\\01_first_app_full\\vendor\\laravel\\framework\\src\\Illuminate\\Routing\\Middleware\\SubstituteBindings.php(50): Illuminate\\Pipeline\\Pipeline->Illuminate\\Pipeline\\{closure}(Object(Illuminate\\Http\\Request))
#27 C:\\Users\\OSK-185\\Documents\\テイエン\\CRUD\\laravel\\01_first_app_full\\vendor\\laravel\\framework\\src\\Illuminate\\Pipeline\\Pipeline.php(180): Illuminate\\Routing\\Middleware\\SubstituteBindings->handle(Object(Illuminate\\Http\\Request), Object(Closure))
#28 C:\\Users\\OSK-185\\Documents\\テイエン\\CRUD\\laravel\\01_first_app_full\\vendor\\laravel\\framework\\src\\Illuminate\\Foundation\\Http\\Middleware\\VerifyCsrfToken.php(78): Illuminate\\Pipeline\\Pipeline->Illuminate\\Pipeline\\{closure}(Object(Illuminate\\Http\\Request))
#29 C:\\Users\\OSK-185\\Documents\\テイエン\\CRUD\\laravel\\01_first_app_full\\vendor\\laravel\\framework\\src\\Illuminate\\Pipeline\\Pipeline.php(180): Illuminate\\Foundation\\Http\\Middleware\\VerifyCsrfToken->handle(Object(Illuminate\\Http\\Request), Object(Closure))
#30 C:\\Users\\OSK-185\\Documents\\テイエン\\CRUD\\laravel\\01_first_app_full\\vendor\\laravel\\framework\\src\\Illuminate\\View\\Middleware\\ShareErrorsFromSession.php(49): Illuminate\\Pipeline\\Pipeline->Illuminate\\Pipeline\\{closure}(Object(Illuminate\\Http\\Request))
#31 C:\\Users\\OSK-185\\Documents\\テイエン\\CRUD\\laravel\\01_first_app_full\\vendor\\laravel\\framework\\src\\Illuminate\\Pipeline\\Pipeline.php(180): Illuminate\\View\\Middleware\\ShareErrorsFromSession->handle(Object(Illuminate\\Http\\Request), Object(Closure))
#32 C:\\Users\\OSK-185\\Documents\\テイエン\\CRUD\\laravel\\01_first_app_full\\vendor\\laravel\\framework\\src\\Illuminate\\Session\\Middleware\\StartSession.php(121): Illuminate\\Pipeline\\Pipeline->Illuminate\\Pipeline\\{closure}(Object(Illuminate\\Http\\Request))
#33 C:\\Users\\OSK-185\\Documents\\テイエン\\CRUD\\laravel\\01_first_app_full\\vendor\\laravel\\framework\\src\\Illuminate\\Session\\Middleware\\StartSession.php(64): Illuminate\\Session\\Middleware\\StartSession->handleStatefulRequest(Object(Illuminate\\Http\\Request), Object(Illuminate\\Session\\Store), Object(Closure))
#34 C:\\Users\\OSK-185\\Documents\\テイエン\\CRUD\\laravel\\01_first_app_full\\vendor\\laravel\\framework\\src\\Illuminate\\Pipeline\\Pipeline.php(180): Illuminate\\Session\\Middleware\\StartSession->handle(Object(Illuminate\\Http\\Request), Object(Closure))
#35 C:\\Users\\OSK-185\\Documents\\テイエン\\CRUD\\laravel\\01_first_app_full\\vendor\\laravel\\framework\\src\\Illuminate\\Cookie\\Middleware\\AddQueuedCookiesToResponse.php(37): Illuminate\\Pipeline\\Pipeline->Illuminate\\Pipeline\\{closure}(Object(Illuminate\\Http\\Request))
#36 C:\\Users\\OSK-185\\Documents\\テイエン\\CRUD\\laravel\\01_first_app_full\\vendor\\laravel\\framework\\src\\Illuminate\\Pipeline\\Pipeline.php(180): Illuminate\\Cookie\\Middleware\\AddQueuedCookiesToResponse->handle(Object(Illuminate\\Http\\Request), Object(Closure))
#37 C:\\Users\\OSK-185\\Documents\\テイエン\\CRUD\\laravel\\01_first_app_full\\vendor\\laravel\\framework\\src\\Illuminate\\Cookie\\Middleware\\EncryptCookies.php(67): Illuminate\\Pipeline\\Pipeline->Illuminate\\Pipeline\\{closure}(Object(Illuminate\\Http\\Request))
#38 C:\\Users\\OSK-185\\Documents\\テイエン\\CRUD\\laravel\\01_first_app_full\\vendor\\laravel\\framework\\src\\Illuminate\\Pipeline\\Pipeline.php(180): Illuminate\\Cookie\\Middleware\\EncryptCookies->handle(Object(Illuminate\\Http\\Request), Object(Closure))
#39 C:\\Users\\OSK-185\\Documents\\テイエン\\CRUD\\laravel\\01_first_app_full\\vendor\\laravel\\framework\\src\\Illuminate\\Pipeline\\Pipeline.php(116): Illuminate\\Pipeline\\Pipeline->Illuminate\\Pipeline\\{closure}(Object(Illuminate\\Http\\Request))
#40 C:\\Users\\OSK-185\\Documents\\テイエン\\CRUD\\laravel\\01_first_app_full\\vendor\\laravel\\framework\\src\\Illuminate\\Routing\\Router.php(797): Illuminate\\Pipeline\\Pipeline->then(Object(Closure))
#41 C:\\Users\\OSK-185\\Documents\\テイエン\\CRUD\\laravel\\01_first_app_full\\vendor\\laravel\\framework\\src\\Illuminate\\Routing\\Router.php(776): Illuminate\\Routing\\Router->runRouteWithinStack(Object(Illuminate\\Routing\\Route), Object(Illuminate\\Http\\Request))
#42 C:\\Users\\OSK-185\\Documents\\テイエン\\CRUD\\laravel\\01_first_app_full\\vendor\\laravel\\framework\\src\\Illuminate\\Routing\\Router.php(740): Illuminate\\Routing\\Router->runRoute(Object(Illuminate\\Http\\Request), Object(Illuminate\\Routing\\Route))
#43 C:\\Users\\OSK-185\\Documents\\テイエン\\CRUD\\laravel\\01_first_app_full\\vendor\\laravel\\framework\\src\\Illuminate\\Routing\\Router.php(729): Illuminate\\Routing\\Router->dispatchToRoute(Object(Illuminate\\Http\\Request))
#44 C:\\Users\\OSK-185\\Documents\\テイエン\\CRUD\\laravel\\01_first_app_full\\vendor\\laravel\\framework\\src\\Illuminate\\Foundation\\Http\\Kernel.php(200): Illuminate\\Routing\\Router->dispatch(Object(Illuminate\\Http\\Request))
#45 C:\\Users\\OSK-185\\Documents\\テイエン\\CRUD\\laravel\\01_first_app_full\\vendor\\laravel\\framework\\src\\Illuminate\\Pipeline\\Pipeline.php(141): Illuminate\\Foundation\\Http\\Kernel->Illuminate\\Foundation\\Http\\{closure}(Object(Illuminate\\Http\\Request))
#46 C:\\Users\\OSK-185\\Documents\\テイエン\\CRUD\\laravel\\01_first_app_full\\vendor\\laravel\\framework\\src\\Illuminate\\Foundation\\Http\\Middleware\\TransformsRequest.php(21): Illuminate\\Pipeline\\Pipeline->Illuminate\\Pipeline\\{closure}(Object(Illuminate\\Http\\Request))
#47 C:\\Users\\OSK-185\\Documents\\テイエン\\CRUD\\laravel\\01_first_app_full\\vendor\\laravel\\framework\\src\\Illuminate\\Foundation\\Http\\Middleware\\ConvertEmptyStringsToNull.php(31): Illuminate\\Foundation\\Http\\Middleware\\TransformsRequest->handle(Object(Illuminate\\Http\\Request), Object(Closure))
#48 C:\\Users\\OSK-185\\Documents\\テイエン\\CRUD\\laravel\\01_first_app_full\\vendor\\laravel\\framework\\src\\Illuminate\\Pipeline\\Pipeline.php(180): Illuminate\\Foundation\\Http\\Middleware\\ConvertEmptyStringsToNull->handle(Object(Illuminate\\Http\\Request), Object(Closure))
#49 C:\\Users\\OSK-185\\Documents\\テイエン\\CRUD\\laravel\\01_first_app_full\\vendor\\laravel\\framework\\src\\Illuminate\\Foundation\\Http\\Middleware\\TransformsRequest.php(21): Illuminate\\Pipeline\\Pipeline->Illuminate\\Pipeline\\{closure}(Object(Illuminate\\Http\\Request))
#50 C:\\Users\\OSK-185\\Documents\\テイエン\\CRUD\\laravel\\01_first_app_full\\vendor\\laravel\\framework\\src\\Illuminate\\Foundation\\Http\\Middleware\\TrimStrings.php(40): Illuminate\\Foundation\\Http\\Middleware\\TransformsRequest->handle(Object(Illuminate\\Http\\Request), Object(Closure))
#51 C:\\Users\\OSK-185\\Documents\\テイエン\\CRUD\\laravel\\01_first_app_full\\vendor\\laravel\\framework\\src\\Illuminate\\Pipeline\\Pipeline.php(180): Illuminate\\Foundation\\Http\\Middleware\\TrimStrings->handle(Object(Illuminate\\Http\\Request), Object(Closure))
#52 C:\\Users\\OSK-185\\Documents\\テイエン\\CRUD\\laravel\\01_first_app_full\\vendor\\laravel\\framework\\src\\Illuminate\\Foundation\\Http\\Middleware\\ValidatePostSize.php(27): Illuminate\\Pipeline\\Pipeline->Illuminate\\Pipeline\\{closure}(Object(Illuminate\\Http\\Request))
#53 C:\\Users\\OSK-185\\Documents\\テイエン\\CRUD\\laravel\\01_first_app_full\\vendor\\laravel\\framework\\src\\Illuminate\\Pipeline\\Pipeline.php(180): Illuminate\\Foundation\\Http\\Middleware\\ValidatePostSize->handle(Object(Illuminate\\Http\\Request), Object(Closure))
#54 C:\\Users\\OSK-185\\Documents\\テイエン\\CRUD\\laravel\\01_first_app_full\\vendor\\laravel\\framework\\src\\Illuminate\\Foundation\\Http\\Middleware\\PreventRequestsDuringMaintenance.php(86): Illuminate\\Pipeline\\Pipeline->Illuminate\\Pipeline\\{closure}(Object(Illuminate\\Http\\Request))
#55 C:\\Users\\OSK-185\\Documents\\テイエン\\CRUD\\laravel\\01_first_app_full\\vendor\\laravel\\framework\\src\\Illuminate\\Pipeline\\Pipeline.php(180): Illuminate\\Foundation\\Http\\Middleware\\PreventRequestsDuringMaintenance->handle(Object(Illuminate\\Http\\Request), Object(Closure))
#56 C:\\Users\\OSK-185\\Documents\\テイエン\\CRUD\\laravel\\01_first_app_full\\vendor\\laravel\\framework\\src\\Illuminate\\Http\\Middleware\\HandleCors.php(49): Illuminate\\Pipeline\\Pipeline->Illuminate\\Pipeline\\{closure}(Object(Illuminate\\Http\\Request))
#57 C:\\Users\\OSK-185\\Documents\\テイエン\\CRUD\\laravel\\01_first_app_full\\vendor\\laravel\\framework\\src\\Illuminate\\Pipeline\\Pipeline.php(180): Illuminate\\Http\\Middleware\\HandleCors->handle(Object(Illuminate\\Http\\Request), Object(Closure))
#58 C:\\Users\\OSK-185\\Documents\\テイエン\\CRUD\\laravel\\01_first_app_full\\vendor\\laravel\\framework\\src\\Illuminate\\Http\\Middleware\\TrustProxies.php(39): Illuminate\\Pipeline\\Pipeline->Illuminate\\Pipeline\\{closure}(Object(Illuminate\\Http\\Request))
#59 C:\\Users\\OSK-185\\Documents\\テイエン\\CRUD\\laravel\\01_first_app_full\\vendor\\laravel\\framework\\src\\Illuminate\\Pipeline\\Pipeline.php(180): Illuminate\\Http\\Middleware\\TrustProxies->handle(Object(Illuminate\\Http\\Request), Object(Closure))
#60 C:\\Users\\OSK-185\\Documents\\テイエン\\CRUD\\laravel\\01_first_app_full\\vendor\\laravel\\framework\\src\\Illuminate\\Pipeline\\Pipeline.php(116): Illuminate\\Pipeline\\Pipeline->Illuminate\\Pipeline\\{closure}(Object(Illuminate\\Http\\Request))
#61 C:\\Users\\OSK-185\\Documents\\テイエン\\CRUD\\laravel\\01_first_app_full\\vendor\\laravel\\framework\\src\\Illuminate\\Foundation\\Http\\Kernel.php(175): Illuminate\\Pipeline\\Pipeline->then(Object(Closure))
#62 C:\\Users\\OSK-185\\Documents\\テイエン\\CRUD\\laravel\\01_first_app_full\\vendor\\laravel\\framework\\src\\Illuminate\\Foundation\\Http\\Kernel.php(144): Illuminate\\Foundation\\Http\\Kernel->sendRequestThroughRouter(Object(Illuminate\\Http\\Request))
#63 C:\\Users\\OSK-185\\Documents\\テイエン\\CRUD\\laravel\\01_first_app_full\\public\\index.php(51): Illuminate\\Foundation\\Http\\Kernel->handle(Object(Illuminate\\Http\\Request))
#64 C:\\Users\\OSK-185\\Documents\\テイエン\\CRUD\\laravel\\01_first_app_full\\vendor\\laravel\\framework\\src\\Illuminate\\Foundation\\resources\\server.php(16): require_once('C:\\\\Users\\\\OSK-18...')
#65 {main}
"} 
[2023-04-11 03:39:06] local.ERROR: SQLSTATE[HY000] [1045] Access denied for user 'root'@'localhost' (using password: YES) (Connection: mysql, SQL: select * from information_schema.tables where table_schema = laravel and table_name = migrations and table_type = 'BASE TABLE') {"exception":"[object] (Illuminate\\Database\\QueryException(code: 1045): SQLSTATE[HY000] [1045] Access denied for user 'root'@'localhost' (using password: YES) (Connection: mysql, SQL: select * from information_schema.tables where table_schema = laravel and table_name = migrations and table_type = 'BASE TABLE') at C:\\Users\\OSK-185\\Documents\\テイエン\\CRUD\\laravel\\01_first_app_full\\vendor\\laravel\\framework\\src\\Illuminate\\Database\\Connection.php:793)
[stacktrace]
#0 C:\\Users\\OSK-185\\Documents\\テイエン\\CRUD\\laravel\\01_first_app_full\\vendor\\laravel\\framework\\src\\Illuminate\\Database\\Connection.php(753): Illuminate\\Database\\Connection->runQueryCallback('select * from i...', Array, Object(Closure))
#1 C:\\Users\\OSK-185\\Documents\\テイエン\\CRUD\\laravel\\01_first_app_full\\vendor\\laravel\\framework\\src\\Illuminate\\Database\\Connection.php(405): Illuminate\\Database\\Connection->run('select * from i...', Array, Object(Closure))
#2 C:\\Users\\OSK-185\\Documents\\テイエン\\CRUD\\laravel\\01_first_app_full\\vendor\\laravel\\framework\\src\\Illuminate\\Database\\Connection.php(392): Illuminate\\Database\\Connection->select('select * from i...', Array, false)
#3 C:\\Users\\OSK-185\\Documents\\テイエン\\CRUD\\laravel\\01_first_app_full\\vendor\\laravel\\framework\\src\\Illuminate\\Database\\Schema\\MySqlBuilder.php(43): Illuminate\\Database\\Connection->selectFromWriteConnection('select * from i...', Array)
#4 C:\\Users\\OSK-185\\Documents\\テイエン\\CRUD\\laravel\\01_first_app_full\\vendor\\laravel\\framework\\src\\Illuminate\\Database\\Migrations\\DatabaseMigrationRepository.php(184): Illuminate\\Database\\Schema\\MySqlBuilder->hasTable('migrations')
#5 C:\\Users\\OSK-185\\Documents\\テイエン\\CRUD\\laravel\\01_first_app_full\\vendor\\laravel\\framework\\src\\Illuminate\\Database\\Migrations\\Migrator.php(699): Illuminate\\Database\\Migrations\\DatabaseMigrationRepository->repositoryExists()
#6 C:\\Users\\OSK-185\\Documents\\テイエン\\CRUD\\laravel\\01_first_app_full\\vendor\\laravel\\framework\\src\\Illuminate\\Database\\Console\\Migrations\\MigrateCommand.php(138): Illuminate\\Database\\Migrations\\Migrator->repositoryExists()
#7 C:\\Users\\OSK-185\\Documents\\テイエン\\CRUD\\laravel\\01_first_app_full\\vendor\\laravel\\framework\\src\\Illuminate\\Support\\helpers.php(247): Illuminate\\Database\\Console\\Migrations\\MigrateCommand->Illuminate\\Database\\Console\\Migrations\\{closure}(1)
#8 C:\\Users\\OSK-185\\Documents\\テイエン\\CRUD\\laravel\\01_first_app_full\\vendor\\laravel\\framework\\src\\Illuminate\\Database\\Console\\Migrations\\MigrateCommand.php(138): retry(1, Object(Closure), 0, Object(Closure))
#9 C:\\Users\\OSK-185\\Documents\\テイエン\\CRUD\\laravel\\01_first_app_full\\vendor\\laravel\\framework\\src\\Illuminate\\Database\\Console\\Migrations\\MigrateCommand.php(114): Illuminate\\Database\\Console\\Migrations\\MigrateCommand->repositoryExists()
#10 C:\\Users\\OSK-185\\Documents\\テイエン\\CRUD\\laravel\\01_first_app_full\\vendor\\laravel\\framework\\src\\Illuminate\\Database\\Console\\Migrations\\MigrateCommand.php(82): Illuminate\\Database\\Console\\Migrations\\MigrateCommand->prepareDatabase()
#11 C:\\Users\\OSK-185\\Documents\\テイエン\\CRUD\\laravel\\01_first_app_full\\vendor\\laravel\\framework\\src\\Illuminate\\Database\\Migrations\\Migrator.php(632): Illuminate\\Database\\Console\\Migrations\\MigrateCommand->Illuminate\\Database\\Console\\Migrations\\{closure}()
#12 C:\\Users\\OSK-185\\Documents\\テイエン\\CRUD\\laravel\\01_first_app_full\\vendor\\laravel\\framework\\src\\Illuminate\\Database\\Console\\Migrations\\MigrateCommand.php(81): Illuminate\\Database\\Migrations\\Migrator->usingConnection(NULL, Object(Closure))
#13 C:\\Users\\OSK-185\\Documents\\テイエン\\CRUD\\laravel\\01_first_app_full\\vendor\\laravel\\framework\\src\\Illuminate\\Container\\BoundMethod.php(36): Illuminate\\Database\\Console\\Migrations\\MigrateCommand->handle()
#14 C:\\Users\\OSK-185\\Documents\\テイエン\\CRUD\\laravel\\01_first_app_full\\vendor\\laravel\\framework\\src\\Illuminate\\Container\\Util.php(41): Illuminate\\Container\\BoundMethod::Illuminate\\Container\\{closure}()
#15 C:\\Users\\OSK-185\\Documents\\テイエン\\CRUD\\laravel\\01_first_app_full\\vendor\\laravel\\framework\\src\\Illuminate\\Container\\BoundMethod.php(93): Illuminate\\Container\\Util::unwrapIfClosure(Object(Closure))
#16 C:\\Users\\OSK-185\\Documents\\テイエン\\CRUD\\laravel\\01_first_app_full\\vendor\\laravel\\framework\\src\\Illuminate\\Container\\BoundMethod.php(35): Illuminate\\Container\\BoundMethod::callBoundMethod(Object(Illuminate\\Foundation\\Application), Array, Object(Closure))
#17 C:\\Users\\OSK-185\\Documents\\テイエン\\CRUD\\laravel\\01_first_app_full\\vendor\\laravel\\framework\\src\\Illuminate\\Container\\Container.php(662): Illuminate\\Container\\BoundMethod::call(Object(Illuminate\\Foundation\\Application), Array, Array, NULL)
#18 C:\\Users\\OSK-185\\Documents\\テイエン\\CRUD\\laravel\\01_first_app_full\\vendor\\laravel\\framework\\src\\Illuminate\\Console\\Command.php(194): Illuminate\\Container\\Container->call(Array)
#19 C:\\Users\\OSK-185\\Documents\\テイエン\\CRUD\\laravel\\01_first_app_full\\vendor\\symfony\\console\\Command\\Command.php(312): Illuminate\\Console\\Command->execute(Object(Symfony\\Component\\Console\\Input\\ArgvInput), Object(Illuminate\\Console\\OutputStyle))
#20 C:\\Users\\OSK-185\\Documents\\テイエン\\CRUD\\laravel\\01_first_app_full\\vendor\\laravel\\framework\\src\\Illuminate\\Console\\Command.php(163): Symfony\\Component\\Console\\Command\\Command->run(Object(Symfony\\Component\\Console\\Input\\ArgvInput), Object(Illuminate\\Console\\OutputStyle))
#21 C:\\Users\\OSK-185\\Documents\\テイエン\\CRUD\\laravel\\01_first_app_full\\vendor\\symfony\\console\\Application.php(1040): Illuminate\\Console\\Command->run(Object(Symfony\\Component\\Console\\Input\\ArgvInput), Object(Symfony\\Component\\Console\\Output\\ConsoleOutput))
#22 C:\\Users\\OSK-185\\Documents\\テイエン\\CRUD\\laravel\\01_first_app_full\\vendor\\symfony\\console\\Application.php(314): Symfony\\Component\\Console\\Application->doRunCommand(Object(Illuminate\\Database\\Console\\Migrations\\MigrateCommand), Object(Symfony\\Component\\Console\\Input\\ArgvInput), Object(Symfony\\Component\\Console\\Output\\ConsoleOutput))
#23 C:\\Users\\OSK-185\\Documents\\テイエン\\CRUD\\laravel\\01_first_app_full\\vendor\\symfony\\console\\Application.php(168): Symfony\\Component\\Console\\Application->doRun(Object(Symfony\\Component\\Console\\Input\\ArgvInput), Object(Symfony\\Component\\Console\\Output\\ConsoleOutput))
#24 C:\\Users\\OSK-185\\Documents\\テイエン\\CRUD\\laravel\\01_first_app_full\\vendor\\laravel\\framework\\src\\Illuminate\\Foundation\\Console\\Kernel.php(200): Symfony\\Component\\Console\\Application->run(Object(Symfony\\Component\\Console\\Input\\ArgvInput), Object(Symfony\\Component\\Console\\Output\\ConsoleOutput))
#25 C:\\Users\\OSK-185\\Documents\\テイエン\\CRUD\\laravel\\01_first_app_full\\artisan(35): Illuminate\\Foundation\\Console\\Kernel->handle(Object(Symfony\\Component\\Console\\Input\\ArgvInput), Object(Symfony\\Component\\Console\\Output\\ConsoleOutput))
#26 {main}

[previous exception] [object] (PDOException(code: 1045): SQLSTATE[HY000] [1045] Access denied for user 'root'@'localhost' (using password: YES) at C:\\Users\\OSK-185\\Documents\\テイエン\\CRUD\\laravel\\01_first_app_full\\vendor\\laravel\\framework\\src\\Illuminate\\Database\\Connectors\\Connector.php:65)
[stacktrace]
#0 C:\\Users\\OSK-185\\Documents\\テイエン\\CRUD\\laravel\\01_first_app_full\\vendor\\laravel\\framework\\src\\Illuminate\\Database\\Connectors\\Connector.php(65): PDO->__construct('mysql:host=127....', 'root', Object(SensitiveParameterValue), Array)
#1 C:\\Users\\OSK-185\\Documents\\テイエン\\CRUD\\laravel\\01_first_app_full\\vendor\\laravel\\framework\\src\\Illuminate\\Database\\Connectors\\Connector.php(44): Illuminate\\Database\\Connectors\\Connector->createPdoConnection('mysql:host=127....', 'root', 'Abror0996', Array)
#2 C:\\Users\\OSK-185\\Documents\\テイエン\\CRUD\\laravel\\01_first_app_full\\vendor\\laravel\\framework\\src\\Illuminate\\Database\\Connectors\\MySqlConnector.php(24): Illuminate\\Database\\Connectors\\Connector->createConnection('mysql:host=127....', Array, Array)
#3 C:\\Users\\OSK-185\\Documents\\テイエン\\CRUD\\laravel\\01_first_app_full\\vendor\\laravel\\framework\\src\\Illuminate\\Database\\Connectors\\ConnectionFactory.php(184): Illuminate\\Database\\Connectors\\MySqlConnector->connect(Array)
#4 [internal function]: Illuminate\\Database\\Connectors\\ConnectionFactory->Illuminate\\Database\\Connectors\\{closure}()
#5 C:\\Users\\OSK-185\\Documents\\テイエン\\CRUD\\laravel\\01_first_app_full\\vendor\\laravel\\framework\\src\\Illuminate\\Database\\Connection.php(1210): call_user_func(Object(Closure))
#6 C:\\Users\\OSK-185\\Documents\\テイエン\\CRUD\\laravel\\01_first_app_full\\vendor\\laravel\\framework\\src\\Illuminate\\Database\\Connection.php(519): Illuminate\\Database\\Connection->getPdo()
#7 C:\\Users\\OSK-185\\Documents\\テイエン\\CRUD\\laravel\\01_first_app_full\\vendor\\laravel\\framework\\src\\Illuminate\\Database\\Connection.php(414): Illuminate\\Database\\Connection->getPdoForSelect(false)
#8 C:\\Users\\OSK-185\\Documents\\テイエン\\CRUD\\laravel\\01_first_app_full\\vendor\\laravel\\framework\\src\\Illuminate\\Database\\Connection.php(786): Illuminate\\Database\\Connection->Illuminate\\Database\\{closure}('select * from i...', Array)
#9 C:\\Users\\OSK-185\\Documents\\テイエン\\CRUD\\laravel\\01_first_app_full\\vendor\\laravel\\framework\\src\\Illuminate\\Database\\Connection.php(753): Illuminate\\Database\\Connection->runQueryCallback('select * from i...', Array, Object(Closure))
#10 C:\\Users\\OSK-185\\Documents\\テイエン\\CRUD\\laravel\\01_first_app_full\\vendor\\laravel\\framework\\src\\Illuminate\\Database\\Connection.php(405): Illuminate\\Database\\Connection->run('select * from i...', Array, Object(Closure))
#11 C:\\Users\\OSK-185\\Documents\\テイエン\\CRUD\\laravel\\01_first_app_full\\vendor\\laravel\\framework\\src\\Illuminate\\Database\\Connection.php(392): Illuminate\\Database\\Connection->select('select * from i...', Array, false)
#12 C:\\Users\\OSK-185\\Documents\\テイエン\\CRUD\\laravel\\01_first_app_full\\vendor\\laravel\\framework\\src\\Illuminate\\Database\\Schema\\MySqlBuilder.php(43): Illuminate\\Database\\Connection->selectFromWriteConnection('select * from i...', Array)
#13 C:\\Users\\OSK-185\\Documents\\テイエン\\CRUD\\laravel\\01_first_app_full\\vendor\\laravel\\framework\\src\\Illuminate\\Database\\Migrations\\DatabaseMigrationRepository.php(184): Illuminate\\Database\\Schema\\MySqlBuilder->hasTable('migrations')
#14 C:\\Users\\OSK-185\\Documents\\テイエン\\CRUD\\laravel\\01_first_app_full\\vendor\\laravel\\framework\\src\\Illuminate\\Database\\Migrations\\Migrator.php(699): Illuminate\\Database\\Migrations\\DatabaseMigrationRepository->repositoryExists()
#15 C:\\Users\\OSK-185\\Documents\\テイエン\\CRUD\\laravel\\01_first_app_full\\vendor\\laravel\\framework\\src\\Illuminate\\Database\\Console\\Migrations\\MigrateCommand.php(138): Illuminate\\Database\\Migrations\\Migrator->repositoryExists()
#16 C:\\Users\\OSK-185\\Documents\\テイエン\\CRUD\\laravel\\01_first_app_full\\vendor\\laravel\\framework\\src\\Illuminate\\Support\\helpers.php(247): Illuminate\\Database\\Console\\Migrations\\MigrateCommand->Illuminate\\Database\\Console\\Migrations\\{closure}(1)
#17 C:\\Users\\OSK-185\\Documents\\テイエン\\CRUD\\laravel\\01_first_app_full\\vendor\\laravel\\framework\\src\\Illuminate\\Database\\Console\\Migrations\\MigrateCommand.php(138): retry(1, Object(Closure), 0, Object(Closure))
#18 C:\\Users\\OSK-185\\Documents\\テイエン\\CRUD\\laravel\\01_first_app_full\\vendor\\laravel\\framework\\src\\Illuminate\\Database\\Console\\Migrations\\MigrateCommand.php(114): Illuminate\\Database\\Console\\Migrations\\MigrateCommand->repositoryExists()
#19 C:\\Users\\OSK-185\\Documents\\テイエン\\CRUD\\laravel\\01_first_app_full\\vendor\\laravel\\framework\\src\\Illuminate\\Database\\Console\\Migrations\\MigrateCommand.php(82): Illuminate\\Database\\Console\\Migrations\\MigrateCommand->prepareDatabase()
#20 C:\\Users\\OSK-185\\Documents\\テイエン\\CRUD\\laravel\\01_first_app_full\\vendor\\laravel\\framework\\src\\Illuminate\\Database\\Migrations\\Migrator.php(632): Illuminate\\Database\\Console\\Migrations\\MigrateCommand->Illuminate\\Database\\Console\\Migrations\\{closure}()
#21 C:\\Users\\OSK-185\\Documents\\テイエン\\CRUD\\laravel\\01_first_app_full\\vendor\\laravel\\framework\\src\\Illuminate\\Database\\Console\\Migrations\\MigrateCommand.php(81): Illuminate\\Database\\Migrations\\Migrator->usingConnection(NULL, Object(Closure))
#22 C:\\Users\\OSK-185\\Documents\\テイエン\\CRUD\\laravel\\01_first_app_full\\vendor\\laravel\\framework\\src\\Illuminate\\Container\\BoundMethod.php(36): Illuminate\\Database\\Console\\Migrations\\MigrateCommand->handle()
#23 C:\\Users\\OSK-185\\Documents\\テイエン\\CRUD\\laravel\\01_first_app_full\\vendor\\laravel\\framework\\src\\Illuminate\\Container\\Util.php(41): Illuminate\\Container\\BoundMethod::Illuminate\\Container\\{closure}()
#24 C:\\Users\\OSK-185\\Documents\\テイエン\\CRUD\\laravel\\01_first_app_full\\vendor\\laravel\\framework\\src\\Illuminate\\Container\\BoundMethod.php(93): Illuminate\\Container\\Util::unwrapIfClosure(Object(Closure))
#25 C:\\Users\\OSK-185\\Documents\\テイエン\\CRUD\\laravel\\01_first_app_full\\vendor\\laravel\\framework\\src\\Illuminate\\Container\\BoundMethod.php(35): Illuminate\\Container\\BoundMethod::callBoundMethod(Object(Illuminate\\Foundation\\Application), Array, Object(Closure))
#26 C:\\Users\\OSK-185\\Documents\\テイエン\\CRUD\\laravel\\01_first_app_full\\vendor\\laravel\\framework\\src\\Illuminate\\Container\\Container.php(662): Illuminate\\Container\\BoundMethod::call(Object(Illuminate\\Foundation\\Application), Array, Array, NULL)
#27 C:\\Users\\OSK-185\\Documents\\テイエン\\CRUD\\laravel\\01_first_app_full\\vendor\\laravel\\framework\\src\\Illuminate\\Console\\Command.php(194): Illuminate\\Container\\Container->call(Array)
#28 C:\\Users\\OSK-185\\Documents\\テイエン\\CRUD\\laravel\\01_first_app_full\\vendor\\symfony\\console\\Command\\Command.php(312): Illuminate\\Console\\Command->execute(Object(Symfony\\Component\\Console\\Input\\ArgvInput), Object(Illuminate\\Console\\OutputStyle))
#29 C:\\Users\\OSK-185\\Documents\\テイエン\\CRUD\\laravel\\01_first_app_full\\vendor\\laravel\\framework\\src\\Illuminate\\Console\\Command.php(163): Symfony\\Component\\Console\\Command\\Command->run(Object(Symfony\\Component\\Console\\Input\\ArgvInput), Object(Illuminate\\Console\\OutputStyle))
#30 C:\\Users\\OSK-185\\Documents\\テイエン\\CRUD\\laravel\\01_first_app_full\\vendor\\symfony\\console\\Application.php(1040): Illuminate\\Console\\Command->run(Object(Symfony\\Component\\Console\\Input\\ArgvInput), Object(Symfony\\Component\\Console\\Output\\ConsoleOutput))
#31 C:\\Users\\OSK-185\\Documents\\テイエン\\CRUD\\laravel\\01_first_app_full\\vendor\\symfony\\console\\Application.php(314): Symfony\\Component\\Console\\Application->doRunCommand(Object(Illuminate\\Database\\Console\\Migrations\\MigrateCommand), Object(Symfony\\Component\\Console\\Input\\ArgvInput), Object(Symfony\\Component\\Console\\Output\\ConsoleOutput))
#32 C:\\Users\\OSK-185\\Documents\\テイエン\\CRUD\\laravel\\01_first_app_full\\vendor\\symfony\\console\\Application.php(168): Symfony\\Component\\Console\\Application->doRun(Object(Symfony\\Component\\Console\\Input\\ArgvInput), Object(Symfony\\Component\\Console\\Output\\ConsoleOutput))
#33 C:\\Users\\OSK-185\\Documents\\テイエン\\CRUD\\laravel\\01_first_app_full\\vendor\\laravel\\framework\\src\\Illuminate\\Foundation\\Console\\Kernel.php(200): Symfony\\Component\\Console\\Application->run(Object(Symfony\\Component\\Console\\Input\\ArgvInput), Object(Symfony\\Component\\Console\\Output\\ConsoleOutput))
#34 C:\\Users\\OSK-185\\Documents\\テイエン\\CRUD\\laravel\\01_first_app_full\\artisan(35): Illuminate\\Foundation\\Console\\Kernel->handle(Object(Symfony\\Component\\Console\\Input\\ArgvInput), Object(Symfony\\Component\\Console\\Output\\ConsoleOutput))
#35 {main}
"} 
[2023-04-11 03:40:32] local.ERROR: Command "migration" is not defined.

Did you mean one of these?
    make:migration
    migrate
    migrate:fresh
    migrate:install
    migrate:refresh
    migrate:reset
    migrate:rollback
    migrate:status {"exception":"[object] (Symfony\\Component\\Console\\Exception\\CommandNotFoundException(code: 0): Command \"migration\" is not defined.

Did you mean one of these?
    make:migration
    migrate
    migrate:fresh
    migrate:install
    migrate:refresh
    migrate:reset
    migrate:rollback
    migrate:status at C:\\Users\\OSK-185\\Documents\\テイエン\\CRUD\\laravel\\01_first_app_full\\vendor\\symfony\\console\\Application.php:702)
[stacktrace]
#0 C:\\Users\\OSK-185\\Documents\\テイエン\\CRUD\\laravel\\01_first_app_full\\vendor\\symfony\\console\\Application.php(256): Symfony\\Component\\Console\\Application->find('migration')
#1 C:\\Users\\OSK-185\\Documents\\テイエン\\CRUD\\laravel\\01_first_app_full\\vendor\\symfony\\console\\Application.php(168): Symfony\\Component\\Console\\Application->doRun(Object(Symfony\\Component\\Console\\Input\\ArgvInput), Object(Symfony\\Component\\Console\\Output\\ConsoleOutput))
#2 C:\\Users\\OSK-185\\Documents\\テイエン\\CRUD\\laravel\\01_first_app_full\\vendor\\laravel\\framework\\src\\Illuminate\\Foundation\\Console\\Kernel.php(200): Symfony\\Component\\Console\\Application->run(Object(Symfony\\Component\\Console\\Input\\ArgvInput), Object(Symfony\\Component\\Console\\Output\\ConsoleOutput))
#3 C:\\Users\\OSK-185\\Documents\\テイエン\\CRUD\\laravel\\01_first_app_full\\artisan(35): Illuminate\\Foundation\\Console\\Kernel->handle(Object(Symfony\\Component\\Console\\Input\\ArgvInput), Object(Symfony\\Component\\Console\\Output\\ConsoleOutput))
#4 {main}
"} 
[2023-04-11 03:40:45] local.ERROR: SQLSTATE[HY000] [1045] Access denied for user 'root'@'localhost' (using password: YES) (Connection: mysql, SQL: select * from information_schema.tables where table_schema = laravel and table_name = migrations and table_type = 'BASE TABLE') {"exception":"[object] (Illuminate\\Database\\QueryException(code: 1045): SQLSTATE[HY000] [1045] Access denied for user 'root'@'localhost' (using password: YES) (Connection: mysql, SQL: select * from information_schema.tables where table_schema = laravel and table_name = migrations and table_type = 'BASE TABLE') at C:\\Users\\OSK-185\\Documents\\テイエン\\CRUD\\laravel\\01_first_app_full\\vendor\\laravel\\framework\\src\\Illuminate\\Database\\Connection.php:793)
[stacktrace]
#0 C:\\Users\\OSK-185\\Documents\\テイエン\\CRUD\\laravel\\01_first_app_full\\vendor\\laravel\\framework\\src\\Illuminate\\Database\\Connection.php(753): Illuminate\\Database\\Connection->runQueryCallback('select * from i...', Array, Object(Closure))
#1 C:\\Users\\OSK-185\\Documents\\テイエン\\CRUD\\laravel\\01_first_app_full\\vendor\\laravel\\framework\\src\\Illuminate\\Database\\Connection.php(405): Illuminate\\Database\\Connection->run('select * from i...', Array, Object(Closure))
#2 C:\\Users\\OSK-185\\Documents\\テイエン\\CRUD\\laravel\\01_first_app_full\\vendor\\laravel\\framework\\src\\Illuminate\\Database\\Connection.php(392): Illuminate\\Database\\Connection->select('select * from i...', Array, false)
#3 C:\\Users\\OSK-185\\Documents\\テイエン\\CRUD\\laravel\\01_first_app_full\\vendor\\laravel\\framework\\src\\Illuminate\\Database\\Schema\\MySqlBuilder.php(43): Illuminate\\Database\\Connection->selectFromWriteConnection('select * from i...', Array)
#4 C:\\Users\\OSK-185\\Documents\\テイエン\\CRUD\\laravel\\01_first_app_full\\vendor\\laravel\\framework\\src\\Illuminate\\Database\\Migrations\\DatabaseMigrationRepository.php(184): Illuminate\\Database\\Schema\\MySqlBuilder->hasTable('migrations')
#5 C:\\Users\\OSK-185\\Documents\\テイエン\\CRUD\\laravel\\01_first_app_full\\vendor\\laravel\\framework\\src\\Illuminate\\Database\\Migrations\\Migrator.php(699): Illuminate\\Database\\Migrations\\DatabaseMigrationRepository->repositoryExists()
#6 C:\\Users\\OSK-185\\Documents\\テイエン\\CRUD\\laravel\\01_first_app_full\\vendor\\laravel\\framework\\src\\Illuminate\\Database\\Console\\Migrations\\MigrateCommand.php(138): Illuminate\\Database\\Migrations\\Migrator->repositoryExists()
#7 C:\\Users\\OSK-185\\Documents\\テイエン\\CRUD\\laravel\\01_first_app_full\\vendor\\laravel\\framework\\src\\Illuminate\\Support\\helpers.php(247): Illuminate\\Database\\Console\\Migrations\\MigrateCommand->Illuminate\\Database\\Console\\Migrations\\{closure}(1)
#8 C:\\Users\\OSK-185\\Documents\\テイエン\\CRUD\\laravel\\01_first_app_full\\vendor\\laravel\\framework\\src\\Illuminate\\Database\\Console\\Migrations\\MigrateCommand.php(138): retry(1, Object(Closure), 0, Object(Closure))
#9 C:\\Users\\OSK-185\\Documents\\テイエン\\CRUD\\laravel\\01_first_app_full\\vendor\\laravel\\framework\\src\\Illuminate\\Database\\Console\\Migrations\\MigrateCommand.php(114): Illuminate\\Database\\Console\\Migrations\\MigrateCommand->repositoryExists()
#10 C:\\Users\\OSK-185\\Documents\\テイエン\\CRUD\\laravel\\01_first_app_full\\vendor\\laravel\\framework\\src\\Illuminate\\Database\\Console\\Migrations\\MigrateCommand.php(82): Illuminate\\Database\\Console\\Migrations\\MigrateCommand->prepareDatabase()
#11 C:\\Users\\OSK-185\\Documents\\テイエン\\CRUD\\laravel\\01_first_app_full\\vendor\\laravel\\framework\\src\\Illuminate\\Database\\Migrations\\Migrator.php(632): Illuminate\\Database\\Console\\Migrations\\MigrateCommand->Illuminate\\Database\\Console\\Migrations\\{closure}()
#12 C:\\Users\\OSK-185\\Documents\\テイエン\\CRUD\\laravel\\01_first_app_full\\vendor\\laravel\\framework\\src\\Illuminate\\Database\\Console\\Migrations\\MigrateCommand.php(81): Illuminate\\Database\\Migrations\\Migrator->usingConnection(NULL, Object(Closure))
#13 C:\\Users\\OSK-185\\Documents\\テイエン\\CRUD\\laravel\\01_first_app_full\\vendor\\laravel\\framework\\src\\Illuminate\\Container\\BoundMethod.php(36): Illuminate\\Database\\Console\\Migrations\\MigrateCommand->handle()
#14 C:\\Users\\OSK-185\\Documents\\テイエン\\CRUD\\laravel\\01_first_app_full\\vendor\\laravel\\framework\\src\\Illuminate\\Container\\Util.php(41): Illuminate\\Container\\BoundMethod::Illuminate\\Container\\{closure}()
#15 C:\\Users\\OSK-185\\Documents\\テイエン\\CRUD\\laravel\\01_first_app_full\\vendor\\laravel\\framework\\src\\Illuminate\\Container\\BoundMethod.php(93): Illuminate\\Container\\Util::unwrapIfClosure(Object(Closure))
#16 C:\\Users\\OSK-185\\Documents\\テイエン\\CRUD\\laravel\\01_first_app_full\\vendor\\laravel\\framework\\src\\Illuminate\\Container\\BoundMethod.php(35): Illuminate\\Container\\BoundMethod::callBoundMethod(Object(Illuminate\\Foundation\\Application), Array, Object(Closure))
#17 C:\\Users\\OSK-185\\Documents\\テイエン\\CRUD\\laravel\\01_first_app_full\\vendor\\laravel\\framework\\src\\Illuminate\\Container\\Container.php(662): Illuminate\\Container\\BoundMethod::call(Object(Illuminate\\Foundation\\Application), Array, Array, NULL)
#18 C:\\Users\\OSK-185\\Documents\\テイエン\\CRUD\\laravel\\01_first_app_full\\vendor\\laravel\\framework\\src\\Illuminate\\Console\\Command.php(194): Illuminate\\Container\\Container->call(Array)
#19 C:\\Users\\OSK-185\\Documents\\テイエン\\CRUD\\laravel\\01_first_app_full\\vendor\\symfony\\console\\Command\\Command.php(312): Illuminate\\Console\\Command->execute(Object(Symfony\\Component\\Console\\Input\\ArgvInput), Object(Illuminate\\Console\\OutputStyle))
#20 C:\\Users\\OSK-185\\Documents\\テイエン\\CRUD\\laravel\\01_first_app_full\\vendor\\laravel\\framework\\src\\Illuminate\\Console\\Command.php(163): Symfony\\Component\\Console\\Command\\Command->run(Object(Symfony\\Component\\Console\\Input\\ArgvInput), Object(Illuminate\\Console\\OutputStyle))
#21 C:\\Users\\OSK-185\\Documents\\テイエン\\CRUD\\laravel\\01_first_app_full\\vendor\\symfony\\console\\Application.php(1040): Illuminate\\Console\\Command->run(Object(Symfony\\Component\\Console\\Input\\ArgvInput), Object(Symfony\\Component\\Console\\Output\\ConsoleOutput))
#22 C:\\Users\\OSK-185\\Documents\\テイエン\\CRUD\\laravel\\01_first_app_full\\vendor\\symfony\\console\\Application.php(314): Symfony\\Component\\Console\\Application->doRunCommand(Object(Illuminate\\Database\\Console\\Migrations\\MigrateCommand), Object(Symfony\\Component\\Console\\Input\\ArgvInput), Object(Symfony\\Component\\Console\\Output\\ConsoleOutput))
#23 C:\\Users\\OSK-185\\Documents\\テイエン\\CRUD\\laravel\\01_first_app_full\\vendor\\symfony\\console\\Application.php(168): Symfony\\Component\\Console\\Application->doRun(Object(Symfony\\Component\\Console\\Input\\ArgvInput), Object(Symfony\\Component\\Console\\Output\\ConsoleOutput))
#24 C:\\Users\\OSK-185\\Documents\\テイエン\\CRUD\\laravel\\01_first_app_full\\vendor\\laravel\\framework\\src\\Illuminate\\Foundation\\Console\\Kernel.php(200): Symfony\\Component\\Console\\Application->run(Object(Symfony\\Component\\Console\\Input\\ArgvInput), Object(Symfony\\Component\\Console\\Output\\ConsoleOutput))
#25 C:\\Users\\OSK-185\\Documents\\テイエン\\CRUD\\laravel\\01_first_app_full\\artisan(35): Illuminate\\Foundation\\Console\\Kernel->handle(Object(Symfony\\Component\\Console\\Input\\ArgvInput), Object(Symfony\\Component\\Console\\Output\\ConsoleOutput))
#26 {main}

[previous exception] [object] (PDOException(code: 1045): SQLSTATE[HY000] [1045] Access denied for user 'root'@'localhost' (using password: YES) at C:\\Users\\OSK-185\\Documents\\テイエン\\CRUD\\laravel\\01_first_app_full\\vendor\\laravel\\framework\\src\\Illuminate\\Database\\Connectors\\Connector.php:65)
[stacktrace]
#0 C:\\Users\\OSK-185\\Documents\\テイエン\\CRUD\\laravel\\01_first_app_full\\vendor\\laravel\\framework\\src\\Illuminate\\Database\\Connectors\\Connector.php(65): PDO->__construct('mysql:host=127....', 'root', Object(SensitiveParameterValue), Array)
#1 C:\\Users\\OSK-185\\Documents\\テイエン\\CRUD\\laravel\\01_first_app_full\\vendor\\laravel\\framework\\src\\Illuminate\\Database\\Connectors\\Connector.php(44): Illuminate\\Database\\Connectors\\Connector->createPdoConnection('mysql:host=127....', 'root', 'Abror0996', Array)
#2 C:\\Users\\OSK-185\\Documents\\テイエン\\CRUD\\laravel\\01_first_app_full\\vendor\\laravel\\framework\\src\\Illuminate\\Database\\Connectors\\MySqlConnector.php(24): Illuminate\\Database\\Connectors\\Connector->createConnection('mysql:host=127....', Array, Array)
#3 C:\\Users\\OSK-185\\Documents\\テイエン\\CRUD\\laravel\\01_first_app_full\\vendor\\laravel\\framework\\src\\Illuminate\\Database\\Connectors\\ConnectionFactory.php(184): Illuminate\\Database\\Connectors\\MySqlConnector->connect(Array)
#4 [internal function]: Illuminate\\Database\\Connectors\\ConnectionFactory->Illuminate\\Database\\Connectors\\{closure}()
#5 C:\\Users\\OSK-185\\Documents\\テイエン\\CRUD\\laravel\\01_first_app_full\\vendor\\laravel\\framework\\src\\Illuminate\\Database\\Connection.php(1210): call_user_func(Object(Closure))
#6 C:\\Users\\OSK-185\\Documents\\テイエン\\CRUD\\laravel\\01_first_app_full\\vendor\\laravel\\framework\\src\\Illuminate\\Database\\Connection.php(519): Illuminate\\Database\\Connection->getPdo()
#7 C:\\Users\\OSK-185\\Documents\\テイエン\\CRUD\\laravel\\01_first_app_full\\vendor\\laravel\\framework\\src\\Illuminate\\Database\\Connection.php(414): Illuminate\\Database\\Connection->getPdoForSelect(false)
#8 C:\\Users\\OSK-185\\Documents\\テイエン\\CRUD\\laravel\\01_first_app_full\\vendor\\laravel\\framework\\src\\Illuminate\\Database\\Connection.php(786): Illuminate\\Database\\Connection->Illuminate\\Database\\{closure}('select * from i...', Array)
#9 C:\\Users\\OSK-185\\Documents\\テイエン\\CRUD\\laravel\\01_first_app_full\\vendor\\laravel\\framework\\src\\Illuminate\\Database\\Connection.php(753): Illuminate\\Database\\Connection->runQueryCallback('select * from i...', Array, Object(Closure))
#10 C:\\Users\\OSK-185\\Documents\\テイエン\\CRUD\\laravel\\01_first_app_full\\vendor\\laravel\\framework\\src\\Illuminate\\Database\\Connection.php(405): Illuminate\\Database\\Connection->run('select * from i...', Array, Object(Closure))
#11 C:\\Users\\OSK-185\\Documents\\テイエン\\CRUD\\laravel\\01_first_app_full\\vendor\\laravel\\framework\\src\\Illuminate\\Database\\Connection.php(392): Illuminate\\Database\\Connection->select('select * from i...', Array, false)
#12 C:\\Users\\OSK-185\\Documents\\テイエン\\CRUD\\laravel\\01_first_app_full\\vendor\\laravel\\framework\\src\\Illuminate\\Database\\Schema\\MySqlBuilder.php(43): Illuminate\\Database\\Connection->selectFromWriteConnection('select * from i...', Array)
#13 C:\\Users\\OSK-185\\Documents\\テイエン\\CRUD\\laravel\\01_first_app_full\\vendor\\laravel\\framework\\src\\Illuminate\\Database\\Migrations\\DatabaseMigrationRepository.php(184): Illuminate\\Database\\Schema\\MySqlBuilder->hasTable('migrations')
#14 C:\\Users\\OSK-185\\Documents\\テイエン\\CRUD\\laravel\\01_first_app_full\\vendor\\laravel\\framework\\src\\Illuminate\\Database\\Migrations\\Migrator.php(699): Illuminate\\Database\\Migrations\\DatabaseMigrationRepository->repositoryExists()
#15 C:\\Users\\OSK-185\\Documents\\テイエン\\CRUD\\laravel\\01_first_app_full\\vendor\\laravel\\framework\\src\\Illuminate\\Database\\Console\\Migrations\\MigrateCommand.php(138): Illuminate\\Database\\Migrations\\Migrator->repositoryExists()
#16 C:\\Users\\OSK-185\\Documents\\テイエン\\CRUD\\laravel\\01_first_app_full\\vendor\\laravel\\framework\\src\\Illuminate\\Support\\helpers.php(247): Illuminate\\Database\\Console\\Migrations\\MigrateCommand->Illuminate\\Database\\Console\\Migrations\\{closure}(1)
#17 C:\\Users\\OSK-185\\Documents\\テイエン\\CRUD\\laravel\\01_first_app_full\\vendor\\laravel\\framework\\src\\Illuminate\\Database\\Console\\Migrations\\MigrateCommand.php(138): retry(1, Object(Closure), 0, Object(Closure))
#18 C:\\Users\\OSK-185\\Documents\\テイエン\\CRUD\\laravel\\01_first_app_full\\vendor\\laravel\\framework\\src\\Illuminate\\Database\\Console\\Migrations\\MigrateCommand.php(114): Illuminate\\Database\\Console\\Migrations\\MigrateCommand->repositoryExists()
#19 C:\\Users\\OSK-185\\Documents\\テイエン\\CRUD\\laravel\\01_first_app_full\\vendor\\laravel\\framework\\src\\Illuminate\\Database\\Console\\Migrations\\MigrateCommand.php(82): Illuminate\\Database\\Console\\Migrations\\MigrateCommand->prepareDatabase()
#20 C:\\Users\\OSK-185\\Documents\\テイエン\\CRUD\\laravel\\01_first_app_full\\vendor\\laravel\\framework\\src\\Illuminate\\Database\\Migrations\\Migrator.php(632): Illuminate\\Database\\Console\\Migrations\\MigrateCommand->Illuminate\\Database\\Console\\Migrations\\{closure}()
#21 C:\\Users\\OSK-185\\Documents\\テイエン\\CRUD\\laravel\\01_first_app_full\\vendor\\laravel\\framework\\src\\Illuminate\\Database\\Console\\Migrations\\MigrateCommand.php(81): Illuminate\\Database\\Migrations\\Migrator->usingConnection(NULL, Object(Closure))
#22 C:\\Users\\OSK-185\\Documents\\テイエン\\CRUD\\laravel\\01_first_app_full\\vendor\\laravel\\framework\\src\\Illuminate\\Container\\BoundMethod.php(36): Illuminate\\Database\\Console\\Migrations\\MigrateCommand->handle()
#23 C:\\Users\\OSK-185\\Documents\\テイエン\\CRUD\\laravel\\01_first_app_full\\vendor\\laravel\\framework\\src\\Illuminate\\Container\\Util.php(41): Illuminate\\Container\\BoundMethod::Illuminate\\Container\\{closure}()
#24 C:\\Users\\OSK-185\\Documents\\テイエン\\CRUD\\laravel\\01_first_app_full\\vendor\\laravel\\framework\\src\\Illuminate\\Container\\BoundMethod.php(93): Illuminate\\Container\\Util::unwrapIfClosure(Object(Closure))
#25 C:\\Users\\OSK-185\\Documents\\テイエン\\CRUD\\laravel\\01_first_app_full\\vendor\\laravel\\framework\\src\\Illuminate\\Container\\BoundMethod.php(35): Illuminate\\Container\\BoundMethod::callBoundMethod(Object(Illuminate\\Foundation\\Application), Array, Object(Closure))
#26 C:\\Users\\OSK-185\\Documents\\テイエン\\CRUD\\laravel\\01_first_app_full\\vendor\\laravel\\framework\\src\\Illuminate\\Container\\Container.php(662): Illuminate\\Container\\BoundMethod::call(Object(Illuminate\\Foundation\\Application), Array, Array, NULL)
#27 C:\\Users\\OSK-185\\Documents\\テイエン\\CRUD\\laravel\\01_first_app_full\\vendor\\laravel\\framework\\src\\Illuminate\\Console\\Command.php(194): Illuminate\\Container\\Container->call(Array)
#28 C:\\Users\\OSK-185\\Documents\\テイエン\\CRUD\\laravel\\01_first_app_full\\vendor\\symfony\\console\\Command\\Command.php(312): Illuminate\\Console\\Command->execute(Object(Symfony\\Component\\Console\\Input\\ArgvInput), Object(Illuminate\\Console\\OutputStyle))
#29 C:\\Users\\OSK-185\\Documents\\テイエン\\CRUD\\laravel\\01_first_app_full\\vendor\\laravel\\framework\\src\\Illuminate\\Console\\Command.php(163): Symfony\\Component\\Console\\Command\\Command->run(Object(Symfony\\Component\\Console\\Input\\ArgvInput), Object(Illuminate\\Console\\OutputStyle))
#30 C:\\Users\\OSK-185\\Documents\\テイエン\\CRUD\\laravel\\01_first_app_full\\vendor\\symfony\\console\\Application.php(1040): Illuminate\\Console\\Command->run(Object(Symfony\\Component\\Console\\Input\\ArgvInput), Object(Symfony\\Component\\Console\\Output\\ConsoleOutput))
#31 C:\\Users\\OSK-185\\Documents\\テイエン\\CRUD\\laravel\\01_first_app_full\\vendor\\symfony\\console\\Application.php(314): Symfony\\Component\\Console\\Application->doRunCommand(Object(Illuminate\\Database\\Console\\Migrations\\MigrateCommand), Object(Symfony\\Component\\Console\\Input\\ArgvInput), Object(Symfony\\Component\\Console\\Output\\ConsoleOutput))
#32 C:\\Users\\OSK-185\\Documents\\テイエン\\CRUD\\laravel\\01_first_app_full\\vendor\\symfony\\console\\Application.php(168): Symfony\\Component\\Console\\Application->doRun(Object(Symfony\\Component\\Console\\Input\\ArgvInput), Object(Symfony\\Component\\Console\\Output\\ConsoleOutput))
#33 C:\\Users\\OSK-185\\Documents\\テイエン\\CRUD\\laravel\\01_first_app_full\\vendor\\laravel\\framework\\src\\Illuminate\\Foundation\\Console\\Kernel.php(200): Symfony\\Component\\Console\\Application->run(Object(Symfony\\Component\\Console\\Input\\ArgvInput), Object(Symfony\\Component\\Console\\Output\\ConsoleOutput))
#34 C:\\Users\\OSK-185\\Documents\\テイエン\\CRUD\\laravel\\01_first_app_full\\artisan(35): Illuminate\\Foundation\\Console\\Kernel->handle(Object(Symfony\\Component\\Console\\Input\\ArgvInput), Object(Symfony\\Component\\Console\\Output\\ConsoleOutput))
#35 {main}
"} 
